Determining if the pthread_create exist failed with the following output:
Change Dir: /home/developer/agriculture_sim/build/CMakeFiles/CMakeTmp

Run Build Command:"/usr/bin/make" "cmTC_22098/fast"
/usr/bin/make -f CMakeFiles/cmTC_22098.dir/build.make CMakeFiles/cmTC_22098.dir/build
make[1]: Entering directory '/home/developer/agriculture_sim/build/CMakeFiles/CMakeTmp'
Building C object CMakeFiles/cmTC_22098.dir/CheckSymbolExists.c.o
/usr/lib/ccache/cc    -o CMakeFiles/cmTC_22098.dir/CheckSymbolExists.c.o   -c /home/developer/agriculture_sim/build/CMakeFiles/CMakeTmp/CheckSymbolExists.c
Linking C executable cmTC_22098
/usr/bin/cmake -E cmake_link_script CMakeFiles/cmTC_22098.dir/link.txt --verbose=1
/usr/lib/ccache/cc      -rdynamic CMakeFiles/cmTC_22098.dir/CheckSymbolExists.c.o  -o cmTC_22098 
CMakeFiles/cmTC_22098.dir/CheckSymbolExists.c.o: In function `main':
CheckSymbolExists.c:(.text+0x1b): undefined reference to `pthread_create'
collect2: error: ld returned 1 exit status
CMakeFiles/cmTC_22098.dir/build.make:97: recipe for target 'cmTC_22098' failed
make[1]: *** [cmTC_22098] Error 1
make[1]: Leaving directory '/home/developer/agriculture_sim/build/CMakeFiles/CMakeTmp'
Makefile:126: recipe for target 'cmTC_22098/fast' failed
make: *** [cmTC_22098/fast] Error 2

File /home/developer/agriculture_sim/build/CMakeFiles/CMakeTmp/CheckSymbolExists.c:
/* */
#include <pthread.h>

int main(int argc, char** argv)
{
  (void)argv;
#ifndef pthread_create
  return ((int*)(&pthread_create))[argc];
#else
  (void)argc;
  return 0;
#endif
}

Determining if the function pthread_create exists in the pthreads failed with the following output:
Change Dir: /home/developer/agriculture_sim/build/CMakeFiles/CMakeTmp

Run Build Command:"/usr/bin/make" "cmTC_8f8cf/fast"
/usr/bin/make -f CMakeFiles/cmTC_8f8cf.dir/build.make CMakeFiles/cmTC_8f8cf.dir/build
make[1]: Entering directory '/home/developer/agriculture_sim/build/CMakeFiles/CMakeTmp'
Building C object CMakeFiles/cmTC_8f8cf.dir/CheckFunctionExists.c.o
/usr/lib/ccache/cc   -DCHECK_FUNCTION_EXISTS=pthread_create   -o CMakeFiles/cmTC_8f8cf.dir/CheckFunctionExists.c.o   -c /usr/share/cmake-3.10/Modules/CheckFunctionExists.c
Linking C executable cmTC_8f8cf
/usr/bin/cmake -E cmake_link_script CMakeFiles/cmTC_8f8cf.dir/link.txt --verbose=1
/usr/lib/ccache/cc  -DCHECK_FUNCTION_EXISTS=pthread_create    -rdynamic CMakeFiles/cmTC_8f8cf.dir/CheckFunctionExists.c.o  -o cmTC_8f8cf -lpthreads 
/usr/bin/ld: cannot find -lpthreads
collect2: error: ld returned 1 exit status
CMakeFiles/cmTC_8f8cf.dir/build.make:97: recipe for target 'cmTC_8f8cf' failed
make[1]: *** [cmTC_8f8cf] Error 1
make[1]: Leaving directory '/home/developer/agriculture_sim/build/CMakeFiles/CMakeTmp'
Makefile:126: recipe for target 'cmTC_8f8cf/fast' failed
make: *** [cmTC_8f8cf/fast] Error 2


Determining if the pthread_create exist failed with the following output:
Change Dir: /home/developer/agriculture_sim/build/CMakeFiles/CMakeTmp

Run Build Command:"/usr/bin/make" "cmTC_36c13/fast"
/usr/bin/make -f CMakeFiles/cmTC_36c13.dir/build.make CMakeFiles/cmTC_36c13.dir/build
make[1]: Entering directory '/home/developer/agriculture_sim/build/CMakeFiles/CMakeTmp'
Building C object CMakeFiles/cmTC_36c13.dir/CheckSymbolExists.c.o
/usr/lib/ccache/cc    -o CMakeFiles/cmTC_36c13.dir/CheckSymbolExists.c.o   -c /home/developer/agriculture_sim/build/CMakeFiles/CMakeTmp/CheckSymbolExists.c
Linking C executable cmTC_36c13
/usr/bin/cmake -E cmake_link_script CMakeFiles/cmTC_36c13.dir/link.txt --verbose=1
/usr/lib/ccache/cc      -rdynamic CMakeFiles/cmTC_36c13.dir/CheckSymbolExists.c.o  -o cmTC_36c13 
CMakeFiles/cmTC_36c13.dir/CheckSymbolExists.c.o: In function `main':
CheckSymbolExists.c:(.text+0x1b): undefined reference to `pthread_create'
collect2: error: ld returned 1 exit status
CMakeFiles/cmTC_36c13.dir/build.make:97: recipe for target 'cmTC_36c13' failed
make[1]: *** [cmTC_36c13] Error 1
make[1]: Leaving directory '/home/developer/agriculture_sim/build/CMakeFiles/CMakeTmp'
Makefile:126: recipe for target 'cmTC_36c13/fast' failed
make: *** [cmTC_36c13/fast] Error 2

File /home/developer/agriculture_sim/build/CMakeFiles/CMakeTmp/CheckSymbolExists.c:
/* */
#include <pthread.h>

int main(int argc, char** argv)
{
  (void)argv;
#ifndef pthread_create
  return ((int*)(&pthread_create))[argc];
#else
  (void)argc;
  return 0;
#endif
}

Determining if the function pthread_create exists in the pthreads failed with the following output:
Change Dir: /home/developer/agriculture_sim/build/CMakeFiles/CMakeTmp

Run Build Command:"/usr/bin/make" "cmTC_2f142/fast"
/usr/bin/make -f CMakeFiles/cmTC_2f142.dir/build.make CMakeFiles/cmTC_2f142.dir/build
make[1]: Entering directory '/home/developer/agriculture_sim/build/CMakeFiles/CMakeTmp'
Building C object CMakeFiles/cmTC_2f142.dir/CheckFunctionExists.c.o
/usr/lib/ccache/cc   -DCHECK_FUNCTION_EXISTS=pthread_create   -o CMakeFiles/cmTC_2f142.dir/CheckFunctionExists.c.o   -c /usr/share/cmake-3.10/Modules/CheckFunctionExists.c
Linking C executable cmTC_2f142
/usr/bin/cmake -E cmake_link_script CMakeFiles/cmTC_2f142.dir/link.txt --verbose=1
/usr/lib/ccache/cc  -DCHECK_FUNCTION_EXISTS=pthread_create    -rdynamic CMakeFiles/cmTC_2f142.dir/CheckFunctionExists.c.o  -o cmTC_2f142 -lpthreads 
/usr/bin/ld: cannot find -lpthreads
collect2: error: ld returned 1 exit status
CMakeFiles/cmTC_2f142.dir/build.make:97: recipe for target 'cmTC_2f142' failed
make[1]: *** [cmTC_2f142] Error 1
make[1]: Leaving directory '/home/developer/agriculture_sim/build/CMakeFiles/CMakeTmp'
Makefile:126: recipe for target 'cmTC_2f142/fast' failed
make: *** [cmTC_2f142/fast] Error 2


